{"level":"fatal","message":"fatal Message","timestamp":"2025-06-10 06:53:32.779 PM"}
{"level":"error","message":"error Message","timestamp":"2025-06-10 06:53:32.783 PM"}
{"level":"fatal","message":"fatal Message","timestamp":"2025-06-10 06:58:58.672 PM"}
{"level":"error","message":"error Message","timestamp":"2025-06-10 06:58:58.677 PM"}
{"level":"fatal","message":"fatal Message","timestamp":"2025-06-10 06:59:51.551 PM"}
{"level":"error","message":"error Message","timestamp":"2025-06-10 06:59:51.553 PM"}
{"level":"warn","message":"Warn Message","timestamp":"2025-06-10 06:59:51.553 PM"}
{"level":"info","message":"Info Message","timestamp":"2025-06-10 06:59:51.553 PM"}
{"level":"debug","message":"Debug Message","timestamp":"2025-06-10 06:59:51.553 PM"}
{"level":"trace","message":"Trace Message","timestamp":"2025-06-10 06:59:51.553 PM"}
{"level":"fatal","message":"fatal Message","timestamp":"2025-06-10 07:09:13.724 PM"}
{"level":"error","message":"error Message","timestamp":"2025-06-10 07:09:13.725 PM"}
{"level":"warn","message":"Warn Message","timestamp":"2025-06-10 07:09:13.725 PM"}
{"level":"info","message":"Info Message","timestamp":"2025-06-10 07:09:13.726 PM"}
{"level":"debug","message":"Debug Message","timestamp":"2025-06-10 07:09:13.726 PM"}
{"level":"trace","message":"Trace Message","timestamp":"2025-06-10 07:09:13.726 PM"}
{"level":"fatal","message":"fatal Message","timestamp":"2025-06-10 07:16:37.199 PM"}
{"level":"error","message":"error Message","timestamp":"2025-06-10 07:16:37.200 PM"}
{"level":"warn","message":"Warn Message","timestamp":"2025-06-10 07:16:37.201 PM"}
{"level":"info","message":"Info Message","timestamp":"2025-06-10 07:16:37.201 PM"}
{"level":"debug","message":"Debug Message","timestamp":"2025-06-10 07:16:37.201 PM"}
{"level":"trace","message":"Trace Message","timestamp":"2025-06-10 07:16:37.201 PM"}
{"level":"fatal","message":"fatal Message","timestamp":"2025-06-10 07:19:26.189 PM"}
{"level":"error","message":"error Message","timestamp":"2025-06-10 07:19:26.191 PM"}
{"level":"warn","message":"Warn Message","timestamp":"2025-06-10 07:19:26.191 PM"}
{"level":"info","message":"Info Message","timestamp":"2025-06-10 07:19:26.191 PM"}
{"level":"debug","message":"Debug Message","timestamp":"2025-06-10 07:19:26.191 PM"}
{"level":"trace","message":"Trace Message","timestamp":"2025-06-10 07:19:26.192 PM"}
{"level":"fatal","message":"fatal Message","timestamp":"2025-06-10 07:28:50.792 PM"}
{"level":"error","message":"error Message","timestamp":"2025-06-10 07:28:50.794 PM"}
{"level":"warn","message":"Warn Message","timestamp":"2025-06-10 07:28:50.794 PM"}
{"level":"info","message":"Info Message","timestamp":"2025-06-10 07:28:50.794 PM"}
{"level":"debug","message":"Debug Message","timestamp":"2025-06-10 07:28:50.794 PM"}
{"level":"trace","message":"Trace Message","timestamp":"2025-06-10 07:28:50.794 PM"}
{"level":"fatal","message":"fatal Message","timestamp":"2025-06-10 07:36:11.699 PM"}
{"level":"error","message":"error Message","timestamp":"2025-06-10 07:36:11.700 PM"}
{"level":"fatal","message":"fatal Message","timestamp":"2025-06-10 07:40:08.644 PM"}
{"level":"error","message":"error Message","timestamp":"2025-06-10 07:40:08.645 PM"}
{"level":"fatal","message":"fatal Message","timestamp":"2025-06-10 07:40:17.306 PM"}
{"level":"error","message":"error Message","timestamp":"2025-06-10 07:40:17.308 PM"}
{"level":"warn","message":"Warn Message","timestamp":"2025-06-10 07:40:17.308 PM"}
{"level":"info","message":"Info Message","timestamp":"2025-06-10 07:40:17.308 PM"}
{"level":"debug","message":"Debug Message","timestamp":"2025-06-10 07:40:17.308 PM"}
{"level":"trace","message":"Trace Message","timestamp":"2025-06-10 07:40:17.308 PM"}
{"level":"fatal","message":"fatal Message","timestamp":"2025-06-10 07:42:19.715 PM"}
{"level":"error","message":"error Message","timestamp":"2025-06-10 07:42:19.716 PM"}
{"level":"warn","message":"Warn Message","timestamp":"2025-06-10 07:42:19.717 PM"}
{"level":"info","message":"Info Message","timestamp":"2025-06-10 07:42:19.717 PM"}
{"level":"debug","message":"Debug Message","timestamp":"2025-06-10 07:42:19.717 PM"}
{"level":"trace","message":"Trace Message","timestamp":"2025-06-10 07:42:19.717 PM"}
{"level":"fatal","message":"fatal Message","timestamp":"2025-06-10 07:42:27.647 PM"}
{"level":"error","message":"error Message","timestamp":"2025-06-10 07:42:27.648 PM"}
{"level":"warn","message":"Warn Message","timestamp":"2025-06-10 07:42:27.648 PM"}
{"level":"info","message":"Info Message","timestamp":"2025-06-10 07:42:27.648 PM"}
{"level":"debug","message":"Debug Message","timestamp":"2025-06-10 07:42:27.649 PM"}
{"level":"trace","message":"Trace Message","timestamp":"2025-06-10 07:42:27.649 PM"}
{"level":"fatal","message":"fatal Message","timestamp":"2025-06-10 07:42:58.349 PM"}
{"level":"error","message":"error Message","timestamp":"2025-06-10 07:42:58.351 PM"}
{"level":"warn","message":"Warn Message","timestamp":"2025-06-10 07:42:58.351 PM"}
{"level":"info","message":"Info Message","timestamp":"2025-06-10 07:42:58.351 PM"}
{"level":"debug","message":"Debug Message","timestamp":"2025-06-10 07:42:58.351 PM"}
{"level":"trace","message":"Trace Message","timestamp":"2025-06-10 07:42:58.351 PM"}
{"level":"fatal","message":"fatal Message","timestamp":"2025-06-10 07:44:02.944 PM"}
{"level":"error","message":"error Message","timestamp":"2025-06-10 07:44:02.945 PM"}
{"level":"warn","message":"Warn Message","timestamp":"2025-06-10 07:44:02.945 PM"}
{"level":"info","message":"Info Message","timestamp":"2025-06-10 07:44:02.946 PM"}
{"level":"debug","message":"Debug Message","timestamp":"2025-06-10 07:44:02.946 PM"}
{"level":"trace","message":"Trace Message","timestamp":"2025-06-10 07:44:02.946 PM"}
{"level":"fatal","message":"fatal Message","timestamp":"2025-06-10 07:44:12.525 PM"}
{"level":"error","message":"error Message","timestamp":"2025-06-10 07:44:12.526 PM"}
{"level":"warn","message":"Warn Message","timestamp":"2025-06-10 07:44:12.526 PM"}
{"level":"info","message":"Info Message","timestamp":"2025-06-10 07:44:12.526 PM"}
{"level":"debug","message":"Debug Message","timestamp":"2025-06-10 07:44:12.526 PM"}
{"level":"trace","message":"Trace Message","timestamp":"2025-06-10 07:44:12.526 PM"}
{"level":"fatal","message":"fatal Message","timestamp":"2025-06-10 07:45:40.200 PM"}
{"level":"error","message":"error Message","timestamp":"2025-06-10 07:45:40.207 PM"}
{"level":"warn","message":"Warn Message","timestamp":"2025-06-10 07:45:40.208 PM"}
{"level":"info","message":"Info Message","timestamp":"2025-06-10 07:45:40.208 PM"}
{"level":"debug","message":"Debug Message","timestamp":"2025-06-10 07:45:40.209 PM"}
{"level":"trace","message":"Trace Message","timestamp":"2025-06-10 07:45:40.209 PM"}
{"level":"fatal","message":"fatal Message","timestamp":"2025-06-10 10:09:43.845 PM"}
{"level":"error","message":"error Message","timestamp":"2025-06-10 10:09:43.847 PM"}
{"level":"warn","message":"Warn Message","timestamp":"2025-06-10 10:09:43.847 PM"}
{"level":"info","message":"Info Message","timestamp":"2025-06-10 10:09:43.847 PM"}
{"level":"debug","message":"Debug Message","timestamp":"2025-06-10 10:09:43.847 PM"}
{"level":"trace","message":"Trace Message","timestamp":"2025-06-10 10:09:43.847 PM"}
